<?xml version="1.0" encoding="UTF-8"?>
<!-- Generated by org.testng.reporters.JUnitReportReporter -->
<testsuite skipped="0" hostname="Ankur" name="Student" tests="1" failures="0" timestamp="15 Nov 2019 10:21:26 GMT" time="8.996" errors="0">
  <testcase name="DemoM" time="8.996" classname="Student"/>
</testsuite> <!-- Student -->
